Determining if the pthread_create exist failed with the following output:
Change Dir: /home/andy/catkin_ws/src/build/CMakeFiles/CMakeTmp

Run Build Command:"/usr/bin/make" "cmTC_60424/fast"
/usr/bin/make -f CMakeFiles/cmTC_60424.dir/build.make CMakeFiles/cmTC_60424.dir/build
make[1]: Entering directory '/home/andy/catkin_ws/src/build/CMakeFiles/CMakeTmp'
Building C object CMakeFiles/cmTC_60424.dir/CheckSymbolExists.c.o
/usr/bin/aarch64-linux-gnu-gcc    -o CMakeFiles/cmTC_60424.dir/CheckSymbolExists.c.o   -c /home/andy/catkin_ws/src/build/CMakeFiles/CMakeTmp/CheckSymbolExists.c
Linking C executable cmTC_60424
/usr/bin/cmake -E cmake_link_script CMakeFiles/cmTC_60424.dir/link.txt --verbose=1
/usr/bin/aarch64-linux-gnu-gcc      -rdynamic CMakeFiles/cmTC_60424.dir/CheckSymbolExists.c.o  -o cmTC_60424 
CMakeFiles/cmTC_60424.dir/CheckSymbolExists.c.o: In function `main':
CheckSymbolExists.c:(.text+0x14): undefined reference to `pthread_create'
CheckSymbolExists.c:(.text+0x18): undefined reference to `pthread_create'
collect2: error: ld returned 1 exit status
CMakeFiles/cmTC_60424.dir/build.make:97: recipe for target 'cmTC_60424' failed
make[1]: *** [cmTC_60424] Error 1
make[1]: Leaving directory '/home/andy/catkin_ws/src/build/CMakeFiles/CMakeTmp'
Makefile:126: recipe for target 'cmTC_60424/fast' failed
make: *** [cmTC_60424/fast] Error 2

File /home/andy/catkin_ws/src/build/CMakeFiles/CMakeTmp/CheckSymbolExists.c:
/* */
#include <pthread.h>

int main(int argc, char** argv)
{
  (void)argv;
#ifndef pthread_create
  return ((int*)(&pthread_create))[argc];
#else
  (void)argc;
  return 0;
#endif
}

Determining if the function pthread_create exists in the pthreads failed with the following output:
Change Dir: /home/andy/catkin_ws/src/build/CMakeFiles/CMakeTmp

Run Build Command:"/usr/bin/make" "cmTC_5b9ae/fast"
/usr/bin/make -f CMakeFiles/cmTC_5b9ae.dir/build.make CMakeFiles/cmTC_5b9ae.dir/build
make[1]: Entering directory '/home/andy/catkin_ws/src/build/CMakeFiles/CMakeTmp'
Building C object CMakeFiles/cmTC_5b9ae.dir/CheckFunctionExists.c.o
/usr/bin/aarch64-linux-gnu-gcc   -DCHECK_FUNCTION_EXISTS=pthread_create   -o CMakeFiles/cmTC_5b9ae.dir/CheckFunctionExists.c.o   -c /usr/share/cmake-3.10/Modules/CheckFunctionExists.c
Linking C executable cmTC_5b9ae
/usr/bin/cmake -E cmake_link_script CMakeFiles/cmTC_5b9ae.dir/link.txt --verbose=1
/usr/bin/aarch64-linux-gnu-gcc  -DCHECK_FUNCTION_EXISTS=pthread_create    -rdynamic CMakeFiles/cmTC_5b9ae.dir/CheckFunctionExists.c.o  -o cmTC_5b9ae -lpthreads 
/usr/bin/ld: cannot find -lpthreads
collect2: error: ld returned 1 exit status
CMakeFiles/cmTC_5b9ae.dir/build.make:97: recipe for target 'cmTC_5b9ae' failed
make[1]: *** [cmTC_5b9ae] Error 1
make[1]: Leaving directory '/home/andy/catkin_ws/src/build/CMakeFiles/CMakeTmp'
Makefile:126: recipe for target 'cmTC_5b9ae/fast' failed
make: *** [cmTC_5b9ae/fast] Error 2


